INFO - 2025-04-24 05:20:29 --> Session: Class initialized using 'CodeIgniter\Session\Handlers\FileHandler' driver.
INFO - 2025-04-24 05:20:31 --> Session: Class initialized using 'CodeIgniter\Session\Handlers\FileHandler' driver.
INFO - 2025-04-24 05:20:31 --> Session: Class initialized using 'CodeIgniter\Session\Handlers\FileHandler' driver.
WARNING - 2025-04-24 12:20:31 --> [DEPRECATED] ucfirst(): Passing null to parameter #1 ($string) of type string is deprecated in APPPATH\Views\utama_v.php on line 19.
 1 APPPATH\Views\utama_v.php(19): ucfirst(null)
 2 SYSTEMPATH\View\View.php(234): include('C:\\xampp\\htdocs\\hrd\\app\\Views\\utama_v.php')
 3 SYSTEMPATH\View\View.php(237): CodeIgniter\View\View->CodeIgniter\View\{closure}()
 4 SYSTEMPATH\Common.php(1171): CodeIgniter\View\View->render('utama_v', [], true)
 5 APPPATH\Controllers\utama.php(21): view('utama_v')
 6 SYSTEMPATH\CodeIgniter.php(933): App\Controllers\utama->index()
 7 SYSTEMPATH\CodeIgniter.php(509): CodeIgniter\CodeIgniter->runController(Object(App\Controllers\utama))
 8 SYSTEMPATH\CodeIgniter.php(355): CodeIgniter\CodeIgniter->handleRequest(null, Object(Config\Cache), false)
 9 SYSTEMPATH\Boot.php(325): CodeIgniter\CodeIgniter->run()
10 SYSTEMPATH\Boot.php(67): CodeIgniter\Boot::runCodeIgniter(Object(CodeIgniter\CodeIgniter))
11 FCPATH\index.php(56): CodeIgniter\Boot::bootWeb(Object(Config\Paths))
INFO - 2025-04-24 05:20:37 --> Session: Class initialized using 'CodeIgniter\Session\Handlers\FileHandler' driver.
INFO - 2025-04-24 05:20:42 --> Session: Class initialized using 'CodeIgniter\Session\Handlers\FileHandler' driver.
INFO - 2025-04-24 05:21:07 --> Session: Class initialized using 'CodeIgniter\Session\Handlers\FileHandler' driver.
INFO - 2025-04-24 05:34:06 --> Session: Class initialized using 'CodeIgniter\Session\Handlers\FileHandler' driver.
INFO - 2025-04-24 05:35:08 --> Session: Class initialized using 'CodeIgniter\Session\Handlers\FileHandler' driver.
INFO - 2025-04-24 05:35:23 --> Session: Class initialized using 'CodeIgniter\Session\Handlers\FileHandler' driver.
INFO - 2025-04-24 05:35:41 --> Session: Class initialized using 'CodeIgniter\Session\Handlers\FileHandler' driver.
INFO - 2025-04-24 05:36:46 --> Session: Class initialized using 'CodeIgniter\Session\Handlers\FileHandler' driver.
INFO - 2025-04-24 05:37:01 --> Session: Class initialized using 'CodeIgniter\Session\Handlers\FileHandler' driver.
INFO - 2025-04-24 05:37:22 --> Session: Class initialized using 'CodeIgniter\Session\Handlers\FileHandler' driver.
INFO - 2025-04-24 05:39:18 --> Session: Class initialized using 'CodeIgniter\Session\Handlers\FileHandler' driver.
INFO - 2025-04-24 07:21:13 --> Session: Class initialized using 'CodeIgniter\Session\Handlers\FileHandler' driver.
INFO - 2025-04-24 07:22:07 --> Session: Class initialized using 'CodeIgniter\Session\Handlers\FileHandler' driver.
INFO - 2025-04-24 07:23:27 --> Session: Class initialized using 'CodeIgniter\Session\Handlers\FileHandler' driver.
ERROR - 2025-04-24 07:23:39 --> mysqli_sql_exception: Unknown column '_u.user_nik' in 'on clause' in C:\xampp\htdocs\hrd\vendor\codeigniter4\framework\system\Database\MySQLi\Connection.php:312
Stack trace:
#0 C:\xampp\htdocs\hrd\vendor\codeigniter4\framework\system\Database\MySQLi\Connection.php(312): mysqli->query('UPDATE `user`\nI...', 0)
#1 C:\xampp\htdocs\hrd\vendor\codeigniter4\framework\system\Database\BaseConnection.php(734): CodeIgniter\Database\MySQLi\Connection->execute('UPDATE `user`\nI...')
#2 C:\xampp\htdocs\hrd\vendor\codeigniter4\framework\system\Database\BaseConnection.php(648): CodeIgniter\Database\BaseConnection->simpleQuery('UPDATE `user`\nI...')
#3 C:\xampp\htdocs\hrd\vendor\codeigniter4\framework\system\Database\BaseBuilder.php(1828): CodeIgniter\Database\BaseConnection->query('UPDATE `user`\nI...', NULL, false)
#4 C:\xampp\htdocs\hrd\vendor\codeigniter4\framework\system\Database\BaseBuilder.php(2603): CodeIgniter\Database\BaseBuilder->batchExecute('_updateBatch', 100)
#5 C:\xampp\htdocs\hrd\app\Models\master\muser_m.php(154): CodeIgniter\Database\BaseBuilder->updateBatch(Array, 'user_nik')
#6 C:\xampp\htdocs\hrd\app\Controllers\master\muser.php(22): App\Models\master\muser_m->data()
#7 C:\xampp\htdocs\hrd\vendor\codeigniter4\framework\system\CodeIgniter.php(933): App\Controllers\master\muser->index()
#8 C:\xampp\htdocs\hrd\vendor\codeigniter4\framework\system\CodeIgniter.php(509): CodeIgniter\CodeIgniter->runController(Object(App\Controllers\master\muser))
#9 C:\xampp\htdocs\hrd\vendor\codeigniter4\framework\system\CodeIgniter.php(355): CodeIgniter\CodeIgniter->handleRequest(NULL, Object(Config\Cache), false)
#10 C:\xampp\htdocs\hrd\vendor\codeigniter4\framework\system\Boot.php(325): CodeIgniter\CodeIgniter->run()
#11 C:\xampp\htdocs\hrd\vendor\codeigniter4\framework\system\Boot.php(67): CodeIgniter\Boot::runCodeIgniter(Object(CodeIgniter\CodeIgniter))
#12 C:\xampp\htdocs\hrd\index.php(56): CodeIgniter\Boot::bootWeb(Object(Config\Paths))
#13 {main}
CRITICAL - 2025-04-24 07:23:39 --> CodeIgniter\Database\Exceptions\DatabaseException: Unknown column '_u.user_nik' in 'on clause'
[Method: POST, Route: muser]
in SYSTEMPATH\Database\BaseConnection.php on line 688.
 1 SYSTEMPATH\Database\BaseBuilder.php(1828): CodeIgniter\Database\BaseConnection->query('UPDATE `user`
INNER JOIN (
SELECT NULL `user_cuti` UNION ALL
SELECT NULL `user_cuti` UNION ALL
SELECT NULL `user_cuti` UNION ALL
SELECT NULL `user_cuti` UNION ALL
SELECT NULL `user_cuti` UNION ALL
SELECT NULL `user_cuti` UNION ALL
SELECT NULL `user_cuti` UNION ALL
SELECT NULL `user_cuti` UNION ALL
SELECT NULL `user_cuti` UNION ALL
SELECT NULL `user_cuti` UNION ALL
SELECT NULL `user_cuti` UNION ALL
SELECT NULL `user_cuti` UNION ALL
SELECT NULL `user_cuti` UNION ALL
SELECT NULL `user_cuti` UNION ALL
SELECT NULL `user_cuti` UNION ALL
SELECT NULL `user_cuti` UNION ALL
SELECT NULL `user_cuti` UNION ALL
SELECT NULL `user_cuti` UNION ALL
SELECT NULL `user_cuti` UNION ALL
SELECT NULL `user_cuti` UNION ALL
SELECT NULL `user_cuti` UNION ALL
SELECT NULL `user_cuti` UNION ALL
SELECT NULL `user_cuti` UNION ALL
SELECT NULL `user_cuti` UNION ALL
SELECT NULL `user_cuti` UNION ALL
SELECT NULL `user_cuti` UNION ALL
SELECT NULL `user_cuti` UNION ALL
SELECT NULL `user_cuti` UNION ALL
SELECT NULL `user_cuti` UNION ALL
SELECT NULL `user_cuti` UNION ALL
SELECT NULL `user_cuti` UNION ALL
SELECT NULL `user_cuti` UNION ALL
SELECT NULL `user_cuti` UNION ALL
SELECT NULL `user_cuti` UNION ALL
SELECT NULL `user_cuti` UNION ALL
SELECT NULL `user_cuti` UNION ALL
SELECT NULL `user_cuti` UNION ALL
SELECT NULL `user_cuti` UNION ALL
SELECT NULL `user_cuti` UNION ALL
SELECT NULL `user_cuti` UNION ALL
SELECT NULL `user_cuti` UNION ALL
SELECT NULL `user_cuti` UNION ALL
SELECT NULL `user_cuti` UNION ALL
SELECT NULL `user_cuti` UNION ALL
SELECT NULL `user_cuti` UNION ALL
SELECT NULL `user_cuti` UNION ALL
SELECT NULL `user_cuti` UNION ALL
SELECT NULL `user_cuti` UNION ALL
SELECT NULL `user_cuti` UNION ALL
SELECT NULL `user_cuti` UNION ALL
SELECT NULL `user_cuti` UNION ALL
SELECT NULL `user_cuti` UNION ALL
SELECT NULL `user_cuti` UNION ALL
SELECT NULL `user_cuti` UNION ALL
SELECT NULL `user_cuti` UNION ALL
SELECT NULL `user_cuti` UNION ALL
SELECT NULL `user_cuti` UNION ALL
SELECT NULL `user_cuti` UNION ALL
SELECT NULL `user_cuti` UNION ALL
SELECT NULL `user_cuti` UNION ALL
SELECT NULL `user_cuti` UNION ALL
SELECT NULL `user_cuti` UNION ALL
SELECT NULL `user_cuti` UNION ALL
SELECT NULL `user_cuti` UNION ALL
SELECT NULL `user_cuti` UNION ALL
SELECT NULL `user_cuti` UNION ALL
SELECT NULL `user_cuti` UNION ALL
SELECT NULL `user_cuti` UNION ALL
SELECT NULL `user_cuti` UNION ALL
SELECT NULL `user_cuti` UNION ALL
SELECT NULL `user_cuti` UNION ALL
SELECT NULL `user_cuti` UNION ALL
SELECT NULL `user_cuti` UNION ALL
SELECT NULL `user_cuti` UNION ALL
SELECT NULL `user_cuti` UNION ALL
SELECT NULL `user_cuti` UNION ALL
SELECT NULL `user_cuti` UNION ALL
SELECT NULL `user_cuti` UNION ALL
SELECT NULL `user_cuti` UNION ALL
SELECT NULL `user_cuti` UNION ALL
SELECT NULL `user_cuti` UNION ALL
SELECT NULL `user_cuti` UNION ALL
SELECT NULL `user_cuti` UNION ALL
SELECT NULL `user_cuti` UNION ALL
SELECT NULL `user_cuti` UNION ALL
SELECT NULL `user_cuti` UNION ALL
SELECT NULL `user_cuti` UNION ALL
SELECT NULL `user_cuti` UNION ALL
SELECT NULL `user_cuti` UNION ALL
SELECT NULL `user_cuti` UNION ALL
SELECT NULL `user_cuti` UNION ALL
SELECT NULL `user_cuti` UNION ALL
SELECT NULL `user_cuti` UNION ALL
SELECT NULL `user_cuti` UNION ALL
SELECT NULL `user_cuti` UNION ALL
SELECT NULL `user_cuti` UNION ALL
SELECT NULL `user_cuti` UNION ALL
SELECT NULL `user_cuti` UNION ALL
SELECT NULL `user_cuti` UNION ALL
SELECT NULL `user_cuti`
) `_u`
ON `user`.`user_nik` = `_u`.`user_nik`
SET
`user`.`user_cuti` = `_u`.`user_cuti`', null, false)
 2 SYSTEMPATH\Database\BaseBuilder.php(2603): CodeIgniter\Database\BaseBuilder->batchExecute('_updateBatch', 100)
 3 APPPATH\Models\master\muser_m.php(154): CodeIgniter\Database\BaseBuilder->updateBatch([...], 'user_nik')
 4 APPPATH\Controllers\master\muser.php(22): App\Models\master\muser_m->data()
 5 SYSTEMPATH\CodeIgniter.php(933): App\Controllers\master\muser->index()
 6 SYSTEMPATH\CodeIgniter.php(509): CodeIgniter\CodeIgniter->runController(Object(App\Controllers\master\muser))
 7 SYSTEMPATH\CodeIgniter.php(355): CodeIgniter\CodeIgniter->handleRequest(null, Object(Config\Cache), false)
 8 SYSTEMPATH\Boot.php(325): CodeIgniter\CodeIgniter->run()
 9 SYSTEMPATH\Boot.php(67): CodeIgniter\Boot::runCodeIgniter(Object(CodeIgniter\CodeIgniter))
10 FCPATH\index.php(56): CodeIgniter\Boot::bootWeb(Object(Config\Paths))
CRITICAL - 2025-04-24 07:23:39 --> [Caused by] CodeIgniter\Database\Exceptions\DatabaseException: Unknown column '_u.user_nik' in 'on clause'
in SYSTEMPATH\Database\MySQLi\Connection.php on line 317.
 1 SYSTEMPATH\Database\BaseConnection.php(734): CodeIgniter\Database\MySQLi\Connection->execute('UPDATE `user`
INNER JOIN (
SELECT NULL `user_cuti` UNION ALL
SELECT NULL `user_cuti` UNION ALL
SELECT NULL `user_cuti` UNION ALL
SELECT NULL `user_cuti` UNION ALL
SELECT NULL `user_cuti` UNION ALL
SELECT NULL `user_cuti` UNION ALL
SELECT NULL `user_cuti` UNION ALL
SELECT NULL `user_cuti` UNION ALL
SELECT NULL `user_cuti` UNION ALL
SELECT NULL `user_cuti` UNION ALL
SELECT NULL `user_cuti` UNION ALL
SELECT NULL `user_cuti` UNION ALL
SELECT NULL `user_cuti` UNION ALL
SELECT NULL `user_cuti` UNION ALL
SELECT NULL `user_cuti` UNION ALL
SELECT NULL `user_cuti` UNION ALL
SELECT NULL `user_cuti` UNION ALL
SELECT NULL `user_cuti` UNION ALL
SELECT NULL `user_cuti` UNION ALL
SELECT NULL `user_cuti` UNION ALL
SELECT NULL `user_cuti` UNION ALL
SELECT NULL `user_cuti` UNION ALL
SELECT NULL `user_cuti` UNION ALL
SELECT NULL `user_cuti` UNION ALL
SELECT NULL `user_cuti` UNION ALL
SELECT NULL `user_cuti` UNION ALL
SELECT NULL `user_cuti` UNION ALL
SELECT NULL `user_cuti` UNION ALL
SELECT NULL `user_cuti` UNION ALL
SELECT NULL `user_cuti` UNION ALL
SELECT NULL `user_cuti` UNION ALL
SELECT NULL `user_cuti` UNION ALL
SELECT NULL `user_cuti` UNION ALL
SELECT NULL `user_cuti` UNION ALL
SELECT NULL `user_cuti` UNION ALL
SELECT NULL `user_cuti` UNION ALL
SELECT NULL `user_cuti` UNION ALL
SELECT NULL `user_cuti` UNION ALL
SELECT NULL `user_cuti` UNION ALL
SELECT NULL `user_cuti` UNION ALL
SELECT NULL `user_cuti` UNION ALL
SELECT NULL `user_cuti` UNION ALL
SELECT NULL `user_cuti` UNION ALL
SELECT NULL `user_cuti` UNION ALL
SELECT NULL `user_cuti` UNION ALL
SELECT NULL `user_cuti` UNION ALL
SELECT NULL `user_cuti` UNION ALL
SELECT NULL `user_cuti` UNION ALL
SELECT NULL `user_cuti` UNION ALL
SELECT NULL `user_cuti` UNION ALL
SELECT NULL `user_cuti` UNION ALL
SELECT NULL `user_cuti` UNION ALL
SELECT NULL `user_cuti` UNION ALL
SELECT NULL `user_cuti` UNION ALL
SELECT NULL `user_cuti` UNION ALL
SELECT NULL `user_cuti` UNION ALL
SELECT NULL `user_cuti` UNION ALL
SELECT NULL `user_cuti` UNION ALL
SELECT NULL `user_cuti` UNION ALL
SELECT NULL `user_cuti` UNION ALL
SELECT NULL `user_cuti` UNION ALL
SELECT NULL `user_cuti` UNION ALL
SELECT NULL `user_cuti` UNION ALL
SELECT NULL `user_cuti` UNION ALL
SELECT NULL `user_cuti` UNION ALL
SELECT NULL `user_cuti` UNION ALL
SELECT NULL `user_cuti` UNION ALL
SELECT NULL `user_cuti` UNION ALL
SELECT NULL `user_cuti` UNION ALL
SELECT NULL `user_cuti` UNION ALL
SELECT NULL `user_cuti` UNION ALL
SELECT NULL `user_cuti` UNION ALL
SELECT NULL `user_cuti` UNION ALL
SELECT NULL `user_cuti` UNION ALL
SELECT NULL `user_cuti` UNION ALL
SELECT NULL `user_cuti` UNION ALL
SELECT NULL `user_cuti` UNION ALL
SELECT NULL `user_cuti` UNION ALL
SELECT NULL `user_cuti` UNION ALL
SELECT NULL `user_cuti` UNION ALL
SELECT NULL `user_cuti` UNION ALL
SELECT NULL `user_cuti` UNION ALL
SELECT NULL `user_cuti` UNION ALL
SELECT NULL `user_cuti` UNION ALL
SELECT NULL `user_cuti` UNION ALL
SELECT NULL `user_cuti` UNION ALL
SELECT NULL `user_cuti` UNION ALL
SELECT NULL `user_cuti` UNION ALL
SELECT NULL `user_cuti` UNION ALL
SELECT NULL `user_cuti` UNION ALL
SELECT NULL `user_cuti` UNION ALL
SELECT NULL `user_cuti` UNION ALL
SELECT NULL `user_cuti` UNION ALL
SELECT NULL `user_cuti` UNION ALL
SELECT NULL `user_cuti` UNION ALL
SELECT NULL `user_cuti` UNION ALL
SELECT NULL `user_cuti` UNION ALL
SELECT NULL `user_cuti` UNION ALL
SELECT NULL `user_cuti` UNION ALL
SELECT NULL `user_cuti`
) `_u`
ON `user`.`user_nik` = `_u`.`user_nik`
SET
`user`.`user_cuti` = `_u`.`user_cuti`')
 2 SYSTEMPATH\Database\BaseConnection.php(648): CodeIgniter\Database\BaseConnection->simpleQuery('UPDATE `user`
INNER JOIN (
SELECT NULL `user_cuti` UNION ALL
SELECT NULL `user_cuti` UNION ALL
SELECT NULL `user_cuti` UNION ALL
SELECT NULL `user_cuti` UNION ALL
SELECT NULL `user_cuti` UNION ALL
SELECT NULL `user_cuti` UNION ALL
SELECT NULL `user_cuti` UNION ALL
SELECT NULL `user_cuti` UNION ALL
SELECT NULL `user_cuti` UNION ALL
SELECT NULL `user_cuti` UNION ALL
SELECT NULL `user_cuti` UNION ALL
SELECT NULL `user_cuti` UNION ALL
SELECT NULL `user_cuti` UNION ALL
SELECT NULL `user_cuti` UNION ALL
SELECT NULL `user_cuti` UNION ALL
SELECT NULL `user_cuti` UNION ALL
SELECT NULL `user_cuti` UNION ALL
SELECT NULL `user_cuti` UNION ALL
SELECT NULL `user_cuti` UNION ALL
SELECT NULL `user_cuti` UNION ALL
SELECT NULL `user_cuti` UNION ALL
SELECT NULL `user_cuti` UNION ALL
SELECT NULL `user_cuti` UNION ALL
SELECT NULL `user_cuti` UNION ALL
SELECT NULL `user_cuti` UNION ALL
SELECT NULL `user_cuti` UNION ALL
SELECT NULL `user_cuti` UNION ALL
SELECT NULL `user_cuti` UNION ALL
SELECT NULL `user_cuti` UNION ALL
SELECT NULL `user_cuti` UNION ALL
SELECT NULL `user_cuti` UNION ALL
SELECT NULL `user_cuti` UNION ALL
SELECT NULL `user_cuti` UNION ALL
SELECT NULL `user_cuti` UNION ALL
SELECT NULL `user_cuti` UNION ALL
SELECT NULL `user_cuti` UNION ALL
SELECT NULL `user_cuti` UNION ALL
SELECT NULL `user_cuti` UNION ALL
SELECT NULL `user_cuti` UNION ALL
SELECT NULL `user_cuti` UNION ALL
SELECT NULL `user_cuti` UNION ALL
SELECT NULL `user_cuti` UNION ALL
SELECT NULL `user_cuti` UNION ALL
SELECT NULL `user_cuti` UNION ALL
SELECT NULL `user_cuti` UNION ALL
SELECT NULL `user_cuti` UNION ALL
SELECT NULL `user_cuti` UNION ALL
SELECT NULL `user_cuti` UNION ALL
SELECT NULL `user_cuti` UNION ALL
SELECT NULL `user_cuti` UNION ALL
SELECT NULL `user_cuti` UNION ALL
SELECT NULL `user_cuti` UNION ALL
SELECT NULL `user_cuti` UNION ALL
SELECT NULL `user_cuti` UNION ALL
SELECT NULL `user_cuti` UNION ALL
SELECT NULL `user_cuti` UNION ALL
SELECT NULL `user_cuti` UNION ALL
SELECT NULL `user_cuti` UNION ALL
SELECT NULL `user_cuti` UNION ALL
SELECT NULL `user_cuti` UNION ALL
SELECT NULL `user_cuti` UNION ALL
SELECT NULL `user_cuti` UNION ALL
SELECT NULL `user_cuti` UNION ALL
SELECT NULL `user_cuti` UNION ALL
SELECT NULL `user_cuti` UNION ALL
SELECT NULL `user_cuti` UNION ALL
SELECT NULL `user_cuti` UNION ALL
SELECT NULL `user_cuti` UNION ALL
SELECT NULL `user_cuti` UNION ALL
SELECT NULL `user_cuti` UNION ALL
SELECT NULL `user_cuti` UNION ALL
SELECT NULL `user_cuti` UNION ALL
SELECT NULL `user_cuti` UNION ALL
SELECT NULL `user_cuti` UNION ALL
SELECT NULL `user_cuti` UNION ALL
SELECT NULL `user_cuti` UNION ALL
SELECT NULL `user_cuti` UNION ALL
SELECT NULL `user_cuti` UNION ALL
SELECT NULL `user_cuti` UNION ALL
SELECT NULL `user_cuti` UNION ALL
SELECT NULL `user_cuti` UNION ALL
SELECT NULL `user_cuti` UNION ALL
SELECT NULL `user_cuti` UNION ALL
SELECT NULL `user_cuti` UNION ALL
SELECT NULL `user_cuti` UNION ALL
SELECT NULL `user_cuti` UNION ALL
SELECT NULL `user_cuti` UNION ALL
SELECT NULL `user_cuti` UNION ALL
SELECT NULL `user_cuti` UNION ALL
SELECT NULL `user_cuti` UNION ALL
SELECT NULL `user_cuti` UNION ALL
SELECT NULL `user_cuti` UNION ALL
SELECT NULL `user_cuti` UNION ALL
SELECT NULL `user_cuti` UNION ALL
SELECT NULL `user_cuti` UNION ALL
SELECT NULL `user_cuti` UNION ALL
SELECT NULL `user_cuti` UNION ALL
SELECT NULL `user_cuti` UNION ALL
SELECT NULL `user_cuti` UNION ALL
SELECT NULL `user_cuti`
) `_u`
ON `user`.`user_nik` = `_u`.`user_nik`
SET
`user`.`user_cuti` = `_u`.`user_cuti`')
 3 SYSTEMPATH\Database\BaseBuilder.php(1828): CodeIgniter\Database\BaseConnection->query('UPDATE `user`
INNER JOIN (
SELECT NULL `user_cuti` UNION ALL
SELECT NULL `user_cuti` UNION ALL
SELECT NULL `user_cuti` UNION ALL
SELECT NULL `user_cuti` UNION ALL
SELECT NULL `user_cuti` UNION ALL
SELECT NULL `user_cuti` UNION ALL
SELECT NULL `user_cuti` UNION ALL
SELECT NULL `user_cuti` UNION ALL
SELECT NULL `user_cuti` UNION ALL
SELECT NULL `user_cuti` UNION ALL
SELECT NULL `user_cuti` UNION ALL
SELECT NULL `user_cuti` UNION ALL
SELECT NULL `user_cuti` UNION ALL
SELECT NULL `user_cuti` UNION ALL
SELECT NULL `user_cuti` UNION ALL
SELECT NULL `user_cuti` UNION ALL
SELECT NULL `user_cuti` UNION ALL
SELECT NULL `user_cuti` UNION ALL
SELECT NULL `user_cuti` UNION ALL
SELECT NULL `user_cuti` UNION ALL
SELECT NULL `user_cuti` UNION ALL
SELECT NULL `user_cuti` UNION ALL
SELECT NULL `user_cuti` UNION ALL
SELECT NULL `user_cuti` UNION ALL
SELECT NULL `user_cuti` UNION ALL
SELECT NULL `user_cuti` UNION ALL
SELECT NULL `user_cuti` UNION ALL
SELECT NULL `user_cuti` UNION ALL
SELECT NULL `user_cuti` UNION ALL
SELECT NULL `user_cuti` UNION ALL
SELECT NULL `user_cuti` UNION ALL
SELECT NULL `user_cuti` UNION ALL
SELECT NULL `user_cuti` UNION ALL
SELECT NULL `user_cuti` UNION ALL
SELECT NULL `user_cuti` UNION ALL
SELECT NULL `user_cuti` UNION ALL
SELECT NULL `user_cuti` UNION ALL
SELECT NULL `user_cuti` UNION ALL
SELECT NULL `user_cuti` UNION ALL
SELECT NULL `user_cuti` UNION ALL
SELECT NULL `user_cuti` UNION ALL
SELECT NULL `user_cuti` UNION ALL
SELECT NULL `user_cuti` UNION ALL
SELECT NULL `user_cuti` UNION ALL
SELECT NULL `user_cuti` UNION ALL
SELECT NULL `user_cuti` UNION ALL
SELECT NULL `user_cuti` UNION ALL
SELECT NULL `user_cuti` UNION ALL
SELECT NULL `user_cuti` UNION ALL
SELECT NULL `user_cuti` UNION ALL
SELECT NULL `user_cuti` UNION ALL
SELECT NULL `user_cuti` UNION ALL
SELECT NULL `user_cuti` UNION ALL
SELECT NULL `user_cuti` UNION ALL
SELECT NULL `user_cuti` UNION ALL
SELECT NULL `user_cuti` UNION ALL
SELECT NULL `user_cuti` UNION ALL
SELECT NULL `user_cuti` UNION ALL
SELECT NULL `user_cuti` UNION ALL
SELECT NULL `user_cuti` UNION ALL
SELECT NULL `user_cuti` UNION ALL
SELECT NULL `user_cuti` UNION ALL
SELECT NULL `user_cuti` UNION ALL
SELECT NULL `user_cuti` UNION ALL
SELECT NULL `user_cuti` UNION ALL
SELECT NULL `user_cuti` UNION ALL
SELECT NULL `user_cuti` UNION ALL
SELECT NULL `user_cuti` UNION ALL
SELECT NULL `user_cuti` UNION ALL
SELECT NULL `user_cuti` UNION ALL
SELECT NULL `user_cuti` UNION ALL
SELECT NULL `user_cuti` UNION ALL
SELECT NULL `user_cuti` UNION ALL
SELECT NULL `user_cuti` UNION ALL
SELECT NULL `user_cuti` UNION ALL
SELECT NULL `user_cuti` UNION ALL
SELECT NULL `user_cuti` UNION ALL
SELECT NULL `user_cuti` UNION ALL
SELECT NULL `user_cuti` UNION ALL
SELECT NULL `user_cuti` UNION ALL
SELECT NULL `user_cuti` UNION ALL
SELECT NULL `user_cuti` UNION ALL
SELECT NULL `user_cuti` UNION ALL
SELECT NULL `user_cuti` UNION ALL
SELECT NULL `user_cuti` UNION ALL
SELECT NULL `user_cuti` UNION ALL
SELECT NULL `user_cuti` UNION ALL
SELECT NULL `user_cuti` UNION ALL
SELECT NULL `user_cuti` UNION ALL
SELECT NULL `user_cuti` UNION ALL
SELECT NULL `user_cuti` UNION ALL
SELECT NULL `user_cuti` UNION ALL
SELECT NULL `user_cuti` UNION ALL
SELECT NULL `user_cuti` UNION ALL
SELECT NULL `user_cuti` UNION ALL
SELECT NULL `user_cuti` UNION ALL
SELECT NULL `user_cuti` UNION ALL
SELECT NULL `user_cuti` UNION ALL
SELECT NULL `user_cuti` UNION ALL
SELECT NULL `user_cuti`
) `_u`
ON `user`.`user_nik` = `_u`.`user_nik`
SET
`user`.`user_cuti` = `_u`.`user_cuti`', null, false)
 4 SYSTEMPATH\Database\BaseBuilder.php(2603): CodeIgniter\Database\BaseBuilder->batchExecute('_updateBatch', 100)
 5 APPPATH\Models\master\muser_m.php(154): CodeIgniter\Database\BaseBuilder->updateBatch([...], 'user_nik')
 6 APPPATH\Controllers\master\muser.php(22): App\Models\master\muser_m->data()
 7 SYSTEMPATH\CodeIgniter.php(933): App\Controllers\master\muser->index()
 8 SYSTEMPATH\CodeIgniter.php(509): CodeIgniter\CodeIgniter->runController(Object(App\Controllers\master\muser))
 9 SYSTEMPATH\CodeIgniter.php(355): CodeIgniter\CodeIgniter->handleRequest(null, Object(Config\Cache), false)
10 SYSTEMPATH\Boot.php(325): CodeIgniter\CodeIgniter->run()
11 SYSTEMPATH\Boot.php(67): CodeIgniter\Boot::runCodeIgniter(Object(CodeIgniter\CodeIgniter))
12 FCPATH\index.php(56): CodeIgniter\Boot::bootWeb(Object(Config\Paths))
CRITICAL - 2025-04-24 07:23:39 --> [Caused by] mysqli_sql_exception: Unknown column '_u.user_nik' in 'on clause'
in SYSTEMPATH\Database\MySQLi\Connection.php on line 312.
 1 SYSTEMPATH\Database\MySQLi\Connection.php(312): mysqli->query('UPDATE `user`
INNER JOIN (
SELECT NULL `user_cuti` UNION ALL
SELECT NULL `user_cuti` UNION ALL
SELECT NULL `user_cuti` UNION ALL
SELECT NULL `user_cuti` UNION ALL
SELECT NULL `user_cuti` UNION ALL
SELECT NULL `user_cuti` UNION ALL
SELECT NULL `user_cuti` UNION ALL
SELECT NULL `user_cuti` UNION ALL
SELECT NULL `user_cuti` UNION ALL
SELECT NULL `user_cuti` UNION ALL
SELECT NULL `user_cuti` UNION ALL
SELECT NULL `user_cuti` UNION ALL
SELECT NULL `user_cuti` UNION ALL
SELECT NULL `user_cuti` UNION ALL
SELECT NULL `user_cuti` UNION ALL
SELECT NULL `user_cuti` UNION ALL
SELECT NULL `user_cuti` UNION ALL
SELECT NULL `user_cuti` UNION ALL
SELECT NULL `user_cuti` UNION ALL
SELECT NULL `user_cuti` UNION ALL
SELECT NULL `user_cuti` UNION ALL
SELECT NULL `user_cuti` UNION ALL
SELECT NULL `user_cuti` UNION ALL
SELECT NULL `user_cuti` UNION ALL
SELECT NULL `user_cuti` UNION ALL
SELECT NULL `user_cuti` UNION ALL
SELECT NULL `user_cuti` UNION ALL
SELECT NULL `user_cuti` UNION ALL
SELECT NULL `user_cuti` UNION ALL
SELECT NULL `user_cuti` UNION ALL
SELECT NULL `user_cuti` UNION ALL
SELECT NULL `user_cuti` UNION ALL
SELECT NULL `user_cuti` UNION ALL
SELECT NULL `user_cuti` UNION ALL
SELECT NULL `user_cuti` UNION ALL
SELECT NULL `user_cuti` UNION ALL
SELECT NULL `user_cuti` UNION ALL
SELECT NULL `user_cuti` UNION ALL
SELECT NULL `user_cuti` UNION ALL
SELECT NULL `user_cuti` UNION ALL
SELECT NULL `user_cuti` UNION ALL
SELECT NULL `user_cuti` UNION ALL
SELECT NULL `user_cuti` UNION ALL
SELECT NULL `user_cuti` UNION ALL
SELECT NULL `user_cuti` UNION ALL
SELECT NULL `user_cuti` UNION ALL
SELECT NULL `user_cuti` UNION ALL
SELECT NULL `user_cuti` UNION ALL
SELECT NULL `user_cuti` UNION ALL
SELECT NULL `user_cuti` UNION ALL
SELECT NULL `user_cuti` UNION ALL
SELECT NULL `user_cuti` UNION ALL
SELECT NULL `user_cuti` UNION ALL
SELECT NULL `user_cuti` UNION ALL
SELECT NULL `user_cuti` UNION ALL
SELECT NULL `user_cuti` UNION ALL
SELECT NULL `user_cuti` UNION ALL
SELECT NULL `user_cuti` UNION ALL
SELECT NULL `user_cuti` UNION ALL
SELECT NULL `user_cuti` UNION ALL
SELECT NULL `user_cuti` UNION ALL
SELECT NULL `user_cuti` UNION ALL
SELECT NULL `user_cuti` UNION ALL
SELECT NULL `user_cuti` UNION ALL
SELECT NULL `user_cuti` UNION ALL
SELECT NULL `user_cuti` UNION ALL
SELECT NULL `user_cuti` UNION ALL
SELECT NULL `user_cuti` UNION ALL
SELECT NULL `user_cuti` UNION ALL
SELECT NULL `user_cuti` UNION ALL
SELECT NULL `user_cuti` UNION ALL
SELECT NULL `user_cuti` UNION ALL
SELECT NULL `user_cuti` UNION ALL
SELECT NULL `user_cuti` UNION ALL
SELECT NULL `user_cuti` UNION ALL
SELECT NULL `user_cuti` UNION ALL
SELECT NULL `user_cuti` UNION ALL
SELECT NULL `user_cuti` UNION ALL
SELECT NULL `user_cuti` UNION ALL
SELECT NULL `user_cuti` UNION ALL
SELECT NULL `user_cuti` UNION ALL
SELECT NULL `user_cuti` UNION ALL
SELECT NULL `user_cuti` UNION ALL
SELECT NULL `user_cuti` UNION ALL
SELECT NULL `user_cuti` UNION ALL
SELECT NULL `user_cuti` UNION ALL
SELECT NULL `user_cuti` UNION ALL
SELECT NULL `user_cuti` UNION ALL
SELECT NULL `user_cuti` UNION ALL
SELECT NULL `user_cuti` UNION ALL
SELECT NULL `user_cuti` UNION ALL
SELECT NULL `user_cuti` UNION ALL
SELECT NULL `user_cuti` UNION ALL
SELECT NULL `user_cuti` UNION ALL
SELECT NULL `user_cuti` UNION ALL
SELECT NULL `user_cuti` UNION ALL
SELECT NULL `user_cuti` UNION ALL
SELECT NULL `user_cuti` UNION ALL
SELECT NULL `user_cuti` UNION ALL
SELECT NULL `user_cuti`
) `_u`
ON `user`.`user_nik` = `_u`.`user_nik`
SET
`user`.`user_cuti` = `_u`.`user_cuti`', 0)
 2 SYSTEMPATH\Database\BaseConnection.php(734): CodeIgniter\Database\MySQLi\Connection->execute('UPDATE `user`
INNER JOIN (
SELECT NULL `user_cuti` UNION ALL
SELECT NULL `user_cuti` UNION ALL
SELECT NULL `user_cuti` UNION ALL
SELECT NULL `user_cuti` UNION ALL
SELECT NULL `user_cuti` UNION ALL
SELECT NULL `user_cuti` UNION ALL
SELECT NULL `user_cuti` UNION ALL
SELECT NULL `user_cuti` UNION ALL
SELECT NULL `user_cuti` UNION ALL
SELECT NULL `user_cuti` UNION ALL
SELECT NULL `user_cuti` UNION ALL
SELECT NULL `user_cuti` UNION ALL
SELECT NULL `user_cuti` UNION ALL
SELECT NULL `user_cuti` UNION ALL
SELECT NULL `user_cuti` UNION ALL
SELECT NULL `user_cuti` UNION ALL
SELECT NULL `user_cuti` UNION ALL
SELECT NULL `user_cuti` UNION ALL
SELECT NULL `user_cuti` UNION ALL
SELECT NULL `user_cuti` UNION ALL
SELECT NULL `user_cuti` UNION ALL
SELECT NULL `user_cuti` UNION ALL
SELECT NULL `user_cuti` UNION ALL
SELECT NULL `user_cuti` UNION ALL
SELECT NULL `user_cuti` UNION ALL
SELECT NULL `user_cuti` UNION ALL
SELECT NULL `user_cuti` UNION ALL
SELECT NULL `user_cuti` UNION ALL
SELECT NULL `user_cuti` UNION ALL
SELECT NULL `user_cuti` UNION ALL
SELECT NULL `user_cuti` UNION ALL
SELECT NULL `user_cuti` UNION ALL
SELECT NULL `user_cuti` UNION ALL
SELECT NULL `user_cuti` UNION ALL
SELECT NULL `user_cuti` UNION ALL
SELECT NULL `user_cuti` UNION ALL
SELECT NULL `user_cuti` UNION ALL
SELECT NULL `user_cuti` UNION ALL
SELECT NULL `user_cuti` UNION ALL
SELECT NULL `user_cuti` UNION ALL
SELECT NULL `user_cuti` UNION ALL
SELECT NULL `user_cuti` UNION ALL
SELECT NULL `user_cuti` UNION ALL
SELECT NULL `user_cuti` UNION ALL
SELECT NULL `user_cuti` UNION ALL
SELECT NULL `user_cuti` UNION ALL
SELECT NULL `user_cuti` UNION ALL
SELECT NULL `user_cuti` UNION ALL
SELECT NULL `user_cuti` UNION ALL
SELECT NULL `user_cuti` UNION ALL
SELECT NULL `user_cuti` UNION ALL
SELECT NULL `user_cuti` UNION ALL
SELECT NULL `user_cuti` UNION ALL
SELECT NULL `user_cuti` UNION ALL
SELECT NULL `user_cuti` UNION ALL
SELECT NULL `user_cuti` UNION ALL
SELECT NULL `user_cuti` UNION ALL
SELECT NULL `user_cuti` UNION ALL
SELECT NULL `user_cuti` UNION ALL
SELECT NULL `user_cuti` UNION ALL
SELECT NULL `user_cuti` UNION ALL
SELECT NULL `user_cuti` UNION ALL
SELECT NULL `user_cuti` UNION ALL
SELECT NULL `user_cuti` UNION ALL
SELECT NULL `user_cuti` UNION ALL
SELECT NULL `user_cuti` UNION ALL
SELECT NULL `user_cuti` UNION ALL
SELECT NULL `user_cuti` UNION ALL
SELECT NULL `user_cuti` UNION ALL
SELECT NULL `user_cuti` UNION ALL
SELECT NULL `user_cuti` UNION ALL
SELECT NULL `user_cuti` UNION ALL
SELECT NULL `user_cuti` UNION ALL
SELECT NULL `user_cuti` UNION ALL
SELECT NULL `user_cuti` UNION ALL
SELECT NULL `user_cuti` UNION ALL
SELECT NULL `user_cuti` UNION ALL
SELECT NULL `user_cuti` UNION ALL
SELECT NULL `user_cuti` UNION ALL
SELECT NULL `user_cuti` UNION ALL
SELECT NULL `user_cuti` UNION ALL
SELECT NULL `user_cuti` UNION ALL
SELECT NULL `user_cuti` UNION ALL
SELECT NULL `user_cuti` UNION ALL
SELECT NULL `user_cuti` UNION ALL
SELECT NULL `user_cuti` UNION ALL
SELECT NULL `user_cuti` UNION ALL
SELECT NULL `user_cuti` UNION ALL
SELECT NULL `user_cuti` UNION ALL
SELECT NULL `user_cuti` UNION ALL
SELECT NULL `user_cuti` UNION ALL
SELECT NULL `user_cuti` UNION ALL
SELECT NULL `user_cuti` UNION ALL
SELECT NULL `user_cuti` UNION ALL
SELECT NULL `user_cuti` UNION ALL
SELECT NULL `user_cuti` UNION ALL
SELECT NULL `user_cuti` UNION ALL
SELECT NULL `user_cuti` UNION ALL
SELECT NULL `user_cuti` UNION ALL
SELECT NULL `user_cuti`
) `_u`
ON `user`.`user_nik` = `_u`.`user_nik`
SET
`user`.`user_cuti` = `_u`.`user_cuti`')
 3 SYSTEMPATH\Database\BaseConnection.php(648): CodeIgniter\Database\BaseConnection->simpleQuery('UPDATE `user`
INNER JOIN (
SELECT NULL `user_cuti` UNION ALL
SELECT NULL `user_cuti` UNION ALL
SELECT NULL `user_cuti` UNION ALL
SELECT NULL `user_cuti` UNION ALL
SELECT NULL `user_cuti` UNION ALL
SELECT NULL `user_cuti` UNION ALL
SELECT NULL `user_cuti` UNION ALL
SELECT NULL `user_cuti` UNION ALL
SELECT NULL `user_cuti` UNION ALL
SELECT NULL `user_cuti` UNION ALL
SELECT NULL `user_cuti` UNION ALL
SELECT NULL `user_cuti` UNION ALL
SELECT NULL `user_cuti` UNION ALL
SELECT NULL `user_cuti` UNION ALL
SELECT NULL `user_cuti` UNION ALL
SELECT NULL `user_cuti` UNION ALL
SELECT NULL `user_cuti` UNION ALL
SELECT NULL `user_cuti` UNION ALL
SELECT NULL `user_cuti` UNION ALL
SELECT NULL `user_cuti` UNION ALL
SELECT NULL `user_cuti` UNION ALL
SELECT NULL `user_cuti` UNION ALL
SELECT NULL `user_cuti` UNION ALL
SELECT NULL `user_cuti` UNION ALL
SELECT NULL `user_cuti` UNION ALL
SELECT NULL `user_cuti` UNION ALL
SELECT NULL `user_cuti` UNION ALL
SELECT NULL `user_cuti` UNION ALL
SELECT NULL `user_cuti` UNION ALL
SELECT NULL `user_cuti` UNION ALL
SELECT NULL `user_cuti` UNION ALL
SELECT NULL `user_cuti` UNION ALL
SELECT NULL `user_cuti` UNION ALL
SELECT NULL `user_cuti` UNION ALL
SELECT NULL `user_cuti` UNION ALL
SELECT NULL `user_cuti` UNION ALL
SELECT NULL `user_cuti` UNION ALL
SELECT NULL `user_cuti` UNION ALL
SELECT NULL `user_cuti` UNION ALL
SELECT NULL `user_cuti` UNION ALL
SELECT NULL `user_cuti` UNION ALL
SELECT NULL `user_cuti` UNION ALL
SELECT NULL `user_cuti` UNION ALL
SELECT NULL `user_cuti` UNION ALL
SELECT NULL `user_cuti` UNION ALL
SELECT NULL `user_cuti` UNION ALL
SELECT NULL `user_cuti` UNION ALL
SELECT NULL `user_cuti` UNION ALL
SELECT NULL `user_cuti` UNION ALL
SELECT NULL `user_cuti` UNION ALL
SELECT NULL `user_cuti` UNION ALL
SELECT NULL `user_cuti` UNION ALL
SELECT NULL `user_cuti` UNION ALL
SELECT NULL `user_cuti` UNION ALL
SELECT NULL `user_cuti` UNION ALL
SELECT NULL `user_cuti` UNION ALL
SELECT NULL `user_cuti` UNION ALL
SELECT NULL `user_cuti` UNION ALL
SELECT NULL `user_cuti` UNION ALL
SELECT NULL `user_cuti` UNION ALL
SELECT NULL `user_cuti` UNION ALL
SELECT NULL `user_cuti` UNION ALL
SELECT NULL `user_cuti` UNION ALL
SELECT NULL `user_cuti` UNION ALL
SELECT NULL `user_cuti` UNION ALL
SELECT NULL `user_cuti` UNION ALL
SELECT NULL `user_cuti` UNION ALL
SELECT NULL `user_cuti` UNION ALL
SELECT NULL `user_cuti` UNION ALL
SELECT NULL `user_cuti` UNION ALL
SELECT NULL `user_cuti` UNION ALL
SELECT NULL `user_cuti` UNION ALL
SELECT NULL `user_cuti` UNION ALL
SELECT NULL `user_cuti` UNION ALL
SELECT NULL `user_cuti` UNION ALL
SELECT NULL `user_cuti` UNION ALL
SELECT NULL `user_cuti` UNION ALL
SELECT NULL `user_cuti` UNION ALL
SELECT NULL `user_cuti` UNION ALL
SELECT NULL `user_cuti` UNION ALL
SELECT NULL `user_cuti` UNION ALL
SELECT NULL `user_cuti` UNION ALL
SELECT NULL `user_cuti` UNION ALL
SELECT NULL `user_cuti` UNION ALL
SELECT NULL `user_cuti` UNION ALL
SELECT NULL `user_cuti` UNION ALL
SELECT NULL `user_cuti` UNION ALL
SELECT NULL `user_cuti` UNION ALL
SELECT NULL `user_cuti` UNION ALL
SELECT NULL `user_cuti` UNION ALL
SELECT NULL `user_cuti` UNION ALL
SELECT NULL `user_cuti` UNION ALL
SELECT NULL `user_cuti` UNION ALL
SELECT NULL `user_cuti` UNION ALL
SELECT NULL `user_cuti` UNION ALL
SELECT NULL `user_cuti` UNION ALL
SELECT NULL `user_cuti` UNION ALL
SELECT NULL `user_cuti` UNION ALL
SELECT NULL `user_cuti` UNION ALL
SELECT NULL `user_cuti`
) `_u`
ON `user`.`user_nik` = `_u`.`user_nik`
SET
`user`.`user_cuti` = `_u`.`user_cuti`')
 4 SYSTEMPATH\Database\BaseBuilder.php(1828): CodeIgniter\Database\BaseConnection->query('UPDATE `user`
INNER JOIN (
SELECT NULL `user_cuti` UNION ALL
SELECT NULL `user_cuti` UNION ALL
SELECT NULL `user_cuti` UNION ALL
SELECT NULL `user_cuti` UNION ALL
SELECT NULL `user_cuti` UNION ALL
SELECT NULL `user_cuti` UNION ALL
SELECT NULL `user_cuti` UNION ALL
SELECT NULL `user_cuti` UNION ALL
SELECT NULL `user_cuti` UNION ALL
SELECT NULL `user_cuti` UNION ALL
SELECT NULL `user_cuti` UNION ALL
SELECT NULL `user_cuti` UNION ALL
SELECT NULL `user_cuti` UNION ALL
SELECT NULL `user_cuti` UNION ALL
SELECT NULL `user_cuti` UNION ALL
SELECT NULL `user_cuti` UNION ALL
SELECT NULL `user_cuti` UNION ALL
SELECT NULL `user_cuti` UNION ALL
SELECT NULL `user_cuti` UNION ALL
SELECT NULL `user_cuti` UNION ALL
SELECT NULL `user_cuti` UNION ALL
SELECT NULL `user_cuti` UNION ALL
SELECT NULL `user_cuti` UNION ALL
SELECT NULL `user_cuti` UNION ALL
SELECT NULL `user_cuti` UNION ALL
SELECT NULL `user_cuti` UNION ALL
SELECT NULL `user_cuti` UNION ALL
SELECT NULL `user_cuti` UNION ALL
SELECT NULL `user_cuti` UNION ALL
SELECT NULL `user_cuti` UNION ALL
SELECT NULL `user_cuti` UNION ALL
SELECT NULL `user_cuti` UNION ALL
SELECT NULL `user_cuti` UNION ALL
SELECT NULL `user_cuti` UNION ALL
SELECT NULL `user_cuti` UNION ALL
SELECT NULL `user_cuti` UNION ALL
SELECT NULL `user_cuti` UNION ALL
SELECT NULL `user_cuti` UNION ALL
SELECT NULL `user_cuti` UNION ALL
SELECT NULL `user_cuti` UNION ALL
SELECT NULL `user_cuti` UNION ALL
SELECT NULL `user_cuti` UNION ALL
SELECT NULL `user_cuti` UNION ALL
SELECT NULL `user_cuti` UNION ALL
SELECT NULL `user_cuti` UNION ALL
SELECT NULL `user_cuti` UNION ALL
SELECT NULL `user_cuti` UNION ALL
SELECT NULL `user_cuti` UNION ALL
SELECT NULL `user_cuti` UNION ALL
SELECT NULL `user_cuti` UNION ALL
SELECT NULL `user_cuti` UNION ALL
SELECT NULL `user_cuti` UNION ALL
SELECT NULL `user_cuti` UNION ALL
SELECT NULL `user_cuti` UNION ALL
SELECT NULL `user_cuti` UNION ALL
SELECT NULL `user_cuti` UNION ALL
SELECT NULL `user_cuti` UNION ALL
SELECT NULL `user_cuti` UNION ALL
SELECT NULL `user_cuti` UNION ALL
SELECT NULL `user_cuti` UNION ALL
SELECT NULL `user_cuti` UNION ALL
SELECT NULL `user_cuti` UNION ALL
SELECT NULL `user_cuti` UNION ALL
SELECT NULL `user_cuti` UNION ALL
SELECT NULL `user_cuti` UNION ALL
SELECT NULL `user_cuti` UNION ALL
SELECT NULL `user_cuti` UNION ALL
SELECT NULL `user_cuti` UNION ALL
SELECT NULL `user_cuti` UNION ALL
SELECT NULL `user_cuti` UNION ALL
SELECT NULL `user_cuti` UNION ALL
SELECT NULL `user_cuti` UNION ALL
SELECT NULL `user_cuti` UNION ALL
SELECT NULL `user_cuti` UNION ALL
SELECT NULL `user_cuti` UNION ALL
SELECT NULL `user_cuti` UNION ALL
SELECT NULL `user_cuti` UNION ALL
SELECT NULL `user_cuti` UNION ALL
SELECT NULL `user_cuti` UNION ALL
SELECT NULL `user_cuti` UNION ALL
SELECT NULL `user_cuti` UNION ALL
SELECT NULL `user_cuti` UNION ALL
SELECT NULL `user_cuti` UNION ALL
SELECT NULL `user_cuti` UNION ALL
SELECT NULL `user_cuti` UNION ALL
SELECT NULL `user_cuti` UNION ALL
SELECT NULL `user_cuti` UNION ALL
SELECT NULL `user_cuti` UNION ALL
SELECT NULL `user_cuti` UNION ALL
SELECT NULL `user_cuti` UNION ALL
SELECT NULL `user_cuti` UNION ALL
SELECT NULL `user_cuti` UNION ALL
SELECT NULL `user_cuti` UNION ALL
SELECT NULL `user_cuti` UNION ALL
SELECT NULL `user_cuti` UNION ALL
SELECT NULL `user_cuti` UNION ALL
SELECT NULL `user_cuti` UNION ALL
SELECT NULL `user_cuti` UNION ALL
SELECT NULL `user_cuti` UNION ALL
SELECT NULL `user_cuti`
) `_u`
ON `user`.`user_nik` = `_u`.`user_nik`
SET
`user`.`user_cuti` = `_u`.`user_cuti`', null, false)
 5 SYSTEMPATH\Database\BaseBuilder.php(2603): CodeIgniter\Database\BaseBuilder->batchExecute('_updateBatch', 100)
 6 APPPATH\Models\master\muser_m.php(154): CodeIgniter\Database\BaseBuilder->updateBatch([...], 'user_nik')
 7 APPPATH\Controllers\master\muser.php(22): App\Models\master\muser_m->data()
 8 SYSTEMPATH\CodeIgniter.php(933): App\Controllers\master\muser->index()
 9 SYSTEMPATH\CodeIgniter.php(509): CodeIgniter\CodeIgniter->runController(Object(App\Controllers\master\muser))
10 SYSTEMPATH\CodeIgniter.php(355): CodeIgniter\CodeIgniter->handleRequest(null, Object(Config\Cache), false)
11 SYSTEMPATH\Boot.php(325): CodeIgniter\CodeIgniter->run()
12 SYSTEMPATH\Boot.php(67): CodeIgniter\Boot::runCodeIgniter(Object(CodeIgniter\CodeIgniter))
13 FCPATH\index.php(56): CodeIgniter\Boot::bootWeb(Object(Config\Paths))
INFO - 2025-04-24 07:26:09 --> Session: Class initialized using 'CodeIgniter\Session\Handlers\FileHandler' driver.
INFO - 2025-04-24 07:28:20 --> Session: Class initialized using 'CodeIgniter\Session\Handlers\FileHandler' driver.
INFO - 2025-04-24 07:29:20 --> Session: Class initialized using 'CodeIgniter\Session\Handlers\FileHandler' driver.
INFO - 2025-04-24 07:33:24 --> Session: Class initialized using 'CodeIgniter\Session\Handlers\FileHandler' driver.
INFO - 2025-04-24 07:48:53 --> Session: Class initialized using 'CodeIgniter\Session\Handlers\FileHandler' driver.
INFO - 2025-04-24 07:48:56 --> Session: Class initialized using 'CodeIgniter\Session\Handlers\FileHandler' driver.
INFO - 2025-04-24 07:49:01 --> Session: Class initialized using 'CodeIgniter\Session\Handlers\FileHandler' driver.
INFO - 2025-04-24 07:49:03 --> Session: Class initialized using 'CodeIgniter\Session\Handlers\FileHandler' driver.
INFO - 2025-04-24 07:49:07 --> Session: Class initialized using 'CodeIgniter\Session\Handlers\FileHandler' driver.
INFO - 2025-04-24 23:08:16 --> Session: Class initialized using 'CodeIgniter\Session\Handlers\FileHandler' driver.
INFO - 2025-04-24 23:08:16 --> Session: Class initialized using 'CodeIgniter\Session\Handlers\FileHandler' driver.
INFO - 2025-04-24 23:08:30 --> Session: Class initialized using 'CodeIgniter\Session\Handlers\FileHandler' driver.
INFO - 2025-04-24 23:08:31 --> Session: Class initialized using 'CodeIgniter\Session\Handlers\FileHandler' driver.
